生成启动时间为 2015/3/20 14:16:14。
     1>项目“D:\DEVTOOLS\project\github\HackPhone\HackPhoneSrv\HackPhoneSrv\HackPhoneSrv.vcxproj”在节点 2 上(Build 个目标)。
     1>ClCompile:
         D:\Program Files (x86)\Microsoft Visual Studio 12.0\VC\bin\CL.exe /c /Zi /nologo /W3 /WX- /sdl /O2 /Oi /Oy- /GL /D WIN32 /D _WINDOWS /D NDEBUG /D _UNICODE /D UNICODE /D _AFXDLL /Gm- /EHsc /MD /GS /Gy /fp:precise /Zc:wchar_t /Zc:forScope /Yu"stdafx.h" /Fp"Release\HackPhoneSrv.pch" /Fo"Release\\" /Fd"Release\vc120.pdb" /Gd /TP /analyze- /errorReport:prompt HackPhoneSrvDlg.cpp
         HackPhoneSrvDlg.cpp
     1>HackPhoneSrvDlg.cpp(246): warning C4101: “rc”: 未引用的局部变量
       Link:
         D:\Program Files (x86)\Microsoft Visual Studio 12.0\VC\bin\link.exe /ERRORREPORT:PROMPT /OUT:"D:\DEVTOOLS\project\github\HackPhone\HackPhoneSrv\Release\HackPhoneSrv.exe" /INCREMENTAL:NO /NOLOGO /MANIFEST /MANIFESTUAC:"level='asInvoker' uiAccess='false'" /manifest:embed /manifestinput:"D:\Program Files (x86)\Microsoft Visual Studio 12.0\VC\Include\Manifest\dpiaware.manifest" /DEBUG /PDB:"D:\DEVTOOLS\project\github\HackPhone\HackPhoneSrv\Release\HackPhoneSrv.pdb" /SUBSYSTEM:WINDOWS /OPT:REF /OPT:ICF /LTCG /TLBID:1 /ENTRY:"wWinMainCRTStartup" /DYNAMICBASE /NXCOMPAT /IMPLIB:"D:\DEVTOOLS\project\github\HackPhone\HackPhoneSrv\Release\HackPhoneSrv.lib" /MACHINE:X86 /SAFESEH Release\HackPhoneSrv.res
         Release\HackPhoneSrv.obj
         Release\HackPhoneSrvDlg.obj
         Release\SocketClient.obj
         Release\SocketSrv.obj
         Release\stdafx.obj
         Release\WndNumpad.obj
         正在生成代码
         已完成代码的生成
         HackPhoneSrv.vcxproj -> D:\DEVTOOLS\project\github\HackPhone\HackPhoneSrv\Release\HackPhoneSrv.exe
     1>已完成生成项目“D:\DEVTOOLS\project\github\HackPhone\HackPhoneSrv\HackPhoneSrv\HackPhoneSrv.vcxproj”(Build 个目标)的操作。

生成成功。

已用时间 00:00:06.26
